<?xml version="1.0" encoding="UTF-8"?>
<!-- Generated by org.testng.reporters.JUnitReportReporter -->
<testsuite hostname="DESKTOP-9OI0S4H" failures="0" tests="1" name="smarttech.nyc.moduletest.ManModuleTest" time="36.945" errors="0" timestamp="03 Jan 2023 00:36:05 GMT" skipped="0">
  <testcase classname="smarttech.nyc.moduletest.ManModuleTest" name="getloginApplication" time="36.945"/>
</testsuite> <!-- smarttech.nyc.moduletest.ManModuleTest -->
