<?xml version="1.0" encoding="UTF-8"?>
<!-- Generated by org.testng.reporters.JUnitReportReporter -->
<testsuite hostname="DESKTOP-9OI0S4H" failures="0" tests="1" name="readExcelDataTest.drg" time="2.169" errors="0" timestamp="29 Dec 2022 23:09:39 GMT" skipped="0">
  <testcase classname="readExcelDataTest.drg" name="ReadData" time="2.169"/>
</testsuite> <!-- readExcelDataTest.drg -->
