<?xml version="1.0" encoding="UTF-8"?>
<!-- Generated by org.testng.reporters.JUnitReportReporter -->
<testsuite hostname="DESKTOP-9OI0S4H" failures="0" tests="1" name="smarttech.nyc.moduletest.ManModuleTest" time="22.437" errors="0" timestamp="25 Dec 2022 00:37:17 GMT" skipped="0">
  <testcase classname="smarttech.nyc.moduletest.ManModuleTest" name="getloginApplication" time="22.437"/>
</testsuite> <!-- smarttech.nyc.moduletest.ManModuleTest -->
