<?xml version="1.0" encoding="UTF-8"?>
<!-- Generated by org.testng.reporters.JUnitReportReporter -->
<testsuite hostname="DESKTOP-9OI0S4H" failures="0" tests="1" name="smarttech.nyc.moduletest.ManModuleTest" time="15.384" errors="0" timestamp="27 Dec 2022 02:16:43 GMT" skipped="0">
  <testcase classname="smarttech.nyc.moduletest.ManModuleTest" name="getloginApplication" time="15.384"/>
</testsuite> <!-- smarttech.nyc.moduletest.ManModuleTest -->
